Unity Editor version:    2021.3.39f1 (fb3b7b32f191)
Branch:                  2021.3/staging
Build type:              Release
Batch mode:              YES
macOS version:           Version 14.5 (Build 23F79)
Darwin version:          23.5.0
Architecture:            arm64
Running under Rosetta:   NO
Available memory:        16384 MB
Using pre-set license
Pro License: YES

COMMAND LINE ARGUMENTS:
/Applications/Unity/Hub/Editor/2021.3.39f1/Unity.app/Contents/MacOS/Unity
-adb2
-batchMode
-noUpm
-name
AssetImportWorker1
-projectPath
/Users/green_jeong/GitHub/Unity/tutorial/01/LEGO Microgame
-logFile
Logs/AssetImportWorker1.log
-srvPort
50642
Successfully changed project path to: /Users/green_jeong/GitHub/Unity/tutorial/01/LEGO Microgame
/Users/green_jeong/GitHub/Unity/tutorial/01/LEGO Microgame
[UnityMemory] Configuration Parameters - Can be set up in boot.config
    "memorysetup-bucket-allocator-granularity=16"
    "memorysetup-bucket-allocator-bucket-count=8"
    "memorysetup-bucket-allocator-block-size=33554432"
    "memorysetup-bucket-allocator-block-count=8"
    "memorysetup-main-allocator-block-size=16777216"
    "memorysetup-thread-allocator-block-size=16777216"
    "memorysetup-gfx-main-allocator-block-size=16777216"
    "memorysetup-gfx-thread-allocator-block-size=16777216"
    "memorysetup-cache-allocator-block-size=4194304"
    "memorysetup-typetree-allocator-block-size=2097152"
    "memorysetup-profiler-bucket-allocator-granularity=16"
    "memorysetup-profiler-bucket-allocator-bucket-count=8"
    "memorysetup-profiler-bucket-allocator-block-size=33554432"
    "memorysetup-profiler-bucket-allocator-block-count=8"
    "memorysetup-profiler-allocator-block-size=16777216"
    "memorysetup-profiler-editor-allocator-block-size=1048576"
    "memorysetup-temp-allocator-size-main=16777216"
    "memorysetup-job-temp-allocator-block-size=2097152"
    "memorysetup-job-temp-allocator-block-size-background=1048576"
    "memorysetup-job-temp-allocator-reduction-small-platforms=262144"
    "memorysetup-temp-allocator-size-background-worker=32768"
    "memorysetup-temp-allocator-size-job-worker=262144"
    "memorysetup-temp-allocator-size-preload-manager=33554432"
    "memorysetup-temp-allocator-size-nav-mesh-worker=65536"
    "memorysetup-temp-allocator-size-audio-worker=65536"
    "memorysetup-temp-allocator-size-cloud-worker=32768"
    "memorysetup-temp-allocator-size-gi-baking-worker=262144"
    "memorysetup-temp-allocator-size-gfx=262144"
Player connection [8471596032] Host "[IP] 192.168.4.174 [Port] 0 [Flags] 2 [Guid] 4001411430 [EditorId] 4001411430 [Version] 1048832 [Id] OSXEditor(0,Green-MacBook-Air.local) [Debug] 1 [PackageName] OSXEditor [ProjectName] Editor" joined multi-casting on [225.0.0.222:54997]...

Player connection [8471596032] Host "[IP] 192.168.4.174 [Port] 0 [Flags] 2 [Guid] 4001411430 [EditorId] 4001411430 [Version] 1048832 [Id] OSXEditor(0,Green-MacBook-Air.local) [Debug] 1 [PackageName] OSXEditor [ProjectName] Editor" joined alternative multi-casting on [225.0.0.222:34997]...

[Physics::Module] Initialized MultithreadedJobDispatcher with {0} workers.
Refreshing native plugins compatible for Editor in 216.69 ms, found 2 plugins.
Preloading 0 native plugins for Editor in 0.00 ms.
Initialize engine version: 2021.3.39f1 (fb3b7b32f191)
[Subsystems] Discovering subsystems at path /Applications/Unity/Hub/Editor/2021.3.39f1/Unity.app/Contents/Resources/UnitySubsystems
[Subsystems] Discovering subsystems at path /Users/green_jeong/GitHub/Unity/tutorial/01/LEGO Microgame/Assets
GfxDevice: creating device client; threaded=0; jobified=0
 preferred device: Apple M3 (high power)
Metal devices available: 1
0: Apple M3 (high power)
Using device Apple M3 (high power)
Initializing Metal device caps: Apple M3
Initialize mono
Mono path[0] = '/Applications/Unity/Hub/Editor/2021.3.39f1/Unity.app/Contents/Managed'
Mono path[1] = '/Applications/Unity/Hub/Editor/2021.3.39f1/Unity.app/Contents/MonoBleedingEdge/lib/mono/unityjit-macos'
Mono config path = '/Applications/Unity/Hub/Editor/2021.3.39f1/Unity.app/Contents/MonoBleedingEdge/etc'
Using monoOptions --debugger-agent=transport=dt_socket,embedding=1,server=y,suspend=n,address=127.0.0.1:56887
Begin MonoManager ReloadAssembly
Registering precompiled unity dll's ...
Register platform support module: /Applications/Unity/Hub/Editor/2021.3.39f1/PlaybackEngines/WebGLSupport/UnityEditor.WebGL.Extensions.dll
Register platform support module: /Applications/Unity/Hub/Editor/2021.3.39f1/Unity.app/Contents/PlaybackEngines/MacStandaloneSupport/UnityEditor.OSXStandalone.Extensions.dll
Register platform support module: /Applications/Unity/Hub/Editor/2021.3.39f1/PlaybackEngines/AndroidPlayer/UnityEditor.Android.Extensions.dll
Register platform support module: /Applications/Unity/Hub/Editor/2021.3.39f1/PlaybackEngines/iOSSupport/UnityEditor.iOS.Extensions.dll
Registered in 0.004684 seconds.
[usbmuxd] Start listen thread
[usbmuxd] Listen thread started
[usbmuxd] Send listen message
Native extension for iOS target not found
Native extension for Android target not found
Android Extension - Scanning For ADB Devices 141 ms
Native extension for OSXStandalone target not found
Native extension for WebGL target not found
Refreshing native plugins compatible for Editor in 196.48 ms, found 2 plugins.
Preloading 0 native plugins for Editor in 0.00 ms.
Mono: successfully reloaded assembly
- Completed reload, in  1.188 seconds
Domain Reload Profiling:
	ReloadAssembly (1189ms)
		BeginReloadAssembly (134ms)
			ExecutionOrderSort (0ms)
			DisableScriptedObjects (0ms)
			BackupInstance (0ms)
			ReleaseScriptingObjects (0ms)
			CreateAndSetChildDomain (1ms)
		EndReloadAssembly (933ms)
			LoadAssemblies (136ms)
			RebuildTransferFunctionScriptingTraits (0ms)
			SetupTypeCache (151ms)
			ReleaseScriptCaches (0ms)
			RebuildScriptCaches (38ms)
			SetupLoadedEditorAssemblies (685ms)
				LogAssemblyErrors (0ms)
				InitializePlatformSupportModulesInManaged (348ms)
				SetLoadedEditorAssemblies (0ms)
				RefreshPlugins (197ms)
				BeforeProcessingInitializeOnLoad (2ms)
				ProcessInitializeOnLoadAttributes (95ms)
				ProcessInitializeOnLoadMethodAttributes (44ms)
				AfterProcessingInitializeOnLoad (0ms)
				EditorAssembliesLoaded (0ms)
			ExecutionOrderSort2 (0ms)
			AwakeInstancesAfterBackupRestoration (0ms)
Platform modules already initialized, skipping
Registering precompiled user dll's ...
Registered in 0.012202 seconds.
Begin MonoManager ReloadAssembly
Native extension for iOS target not found
Native extension for Android target not found
Native extension for OSXStandalone target not found
Native extension for WebGL target not found
Refreshing native plugins compatible for Editor in 228.37 ms, found 2 plugins.
Preloading 0 native plugins for Editor in 0.00 ms.
Package Manager log level set to [2]
[Package Manager] Server::EnsureServerProcessIsRunning -- launch failed, reason: Unity was launched with the -noUpm command-line argument
[Package Manager] Cannot connect to Unity Package Manager local server
Mono: successfully reloaded assembly
- Completed reload, in  1.906 seconds
Domain Reload Profiling:
	ReloadAssembly (1907ms)
		BeginReloadAssembly (130ms)
			ExecutionOrderSort (0ms)
			DisableScriptedObjects (6ms)
			BackupInstance (0ms)
			ReleaseScriptingObjects (0ms)
			CreateAndSetChildDomain (36ms)
		EndReloadAssembly (1647ms)
			LoadAssemblies (150ms)
			RebuildTransferFunctionScriptingTraits (0ms)
			SetupTypeCache (392ms)
			ReleaseScriptCaches (1ms)
			RebuildScriptCaches (106ms)
			SetupLoadedEditorAssemblies (925ms)
				LogAssemblyErrors (0ms)
				InitializePlatformSupportModulesInManaged (39ms)
				SetLoadedEditorAssemblies (0ms)
				RefreshPlugins (228ms)
				BeforeProcessingInitializeOnLoad (154ms)
				ProcessInitializeOnLoadAttributes (406ms)
				ProcessInitializeOnLoadMethodAttributes (95ms)
				AfterProcessingInitializeOnLoad (2ms)
				EditorAssembliesLoaded (0ms)
			ExecutionOrderSort2 (0ms)
			AwakeInstancesAfterBackupRestoration (4ms)
Platform modules already initialized, skipping
========================================================================
Worker process is ready to serve import requests
Launching external process: /Applications/Unity/Hub/Editor/2021.3.39f1/Unity.app/Contents/Tools/UnityShaderCompiler
Launched and connected shader compiler UnityShaderCompiler after 0.06 seconds
Refreshing native plugins compatible for Editor in 1.09 ms, found 2 plugins.
Preloading 0 native plugins for Editor in 0.00 ms.
Unloading 5401 Unused Serialized files (Serialized files now loaded: 0)
Unloading 48 unused Assets / (0.6 MB). Loaded Objects now: 5855.
Memory consumption went from 212.9 MB to 212.3 MB.
Total: 5.271083 ms (FindLiveObjects: 0.332166 ms CreateObjectMapping: 0.108625 ms MarkObjects: 4.427792 ms  DeleteObjects: 0.401583 ms)

AssetImportParameters requested are different than current active one (requested -> active):
  custom:video-decoder-ogg-theora: a1e56fd34408186e4bbccfd4996cb3dc -> 
  custom:container-muxer-webm: aa71ff27fc2769a1b78a27578f13a17b -> 
  custom:container-demuxer-webm: 4f35f7cbe854078d1ac9338744f61a02 -> 
  custom:video-encoder-webm-vp8: eb34c28f22e8b96e1ab97ce403110664 -> 
  custom:framework-osx-AVFoundation: e770b220cccbd017edd2c1fefb359320 -> 
  custom:CustomObjectIndexerAttribute: 6b0e35c9178b02a6363f3721b7b8e397 -> 
  custom:audio-encoder-webm-vorbis: bf7c407c2cedff20999df2af8eb42d56 -> 
  custom:SearchIndexIgnoredProperties: e643bd26f0fe6173181afceb89e7c659 -> 
  custom:container-demuxer-ogg: 62fdf1f143b41e24485cea50d1cbac27 -> 
  custom:video-decoder-webm-vp8: 9c59270c3fd7afecdb556c50c9e8de78 -> 
  custom:audio-decoder-ogg-vorbis: bf7c407c2cedff20999df2af8eb42d56 -> 
========================================================================
Received Import Request.
  Time since last request: 200489.063190 seconds.
  path: Assets/LEGO/Gizmos/LEGO Behaviour Icons/Default.png
  artifactKey: Guid(36d760fb56b63412386da81d330e2f36) Importer(815301076,1909f56bfc062723c751e8b465ee728b)
Number of updated assets reloaded before import = 0
Start importing Assets/LEGO/Gizmos/LEGO Behaviour Icons/Default.png using Guid(36d760fb56b63412386da81d330e2f36) Importer(815301076,1909f56bfc062723c751e8b465ee728b)  -> (artifact id: 'a86ce31604da61c95dc0d14f8be6806c') in 1.300358 seconds 
Number of asset objects unloaded after import = 2
========================================================================
Received Import Request.
  Time since last request: 0.000269 seconds.
  path: Assets/LEGO/Gizmos/LEGO Behaviour Icons/Input Trigger.png
  artifactKey: Guid(7e97c3f1d4acc4d7fb49c261ec5a7ad0) Importer(815301076,1909f56bfc062723c751e8b465ee728b)
Number of updated assets reloaded before import = 0
Start importing Assets/LEGO/Gizmos/LEGO Behaviour Icons/Input Trigger.png using Guid(7e97c3f1d4acc4d7fb49c261ec5a7ad0) Importer(815301076,1909f56bfc062723c751e8b465ee728b)  -> (artifact id: '858c2ce3a12092a2c123f6164ddbe402') in 0.011216 seconds 
Number of asset objects unloaded after import = 2
========================================================================
Received Import Request.
  Time since last request: 0.000078 seconds.
  path: Assets/LEGO/Gizmos/LEGO Behaviour Icons/Nearby Trigger.png
  artifactKey: Guid(c47fb5094138c4ac4bee4be9c0fc3f10) Importer(815301076,1909f56bfc062723c751e8b465ee728b)
Number of updated assets reloaded before import = 0
Start importing Assets/LEGO/Gizmos/LEGO Behaviour Icons/Nearby Trigger.png using Guid(c47fb5094138c4ac4bee4be9c0fc3f10) Importer(815301076,1909f56bfc062723c751e8b465ee728b)  -> (artifact id: 'd70f5e92ca50c6f4ab4fc2e62135d193') in 0.007856 seconds 
Number of asset objects unloaded after import = 2
========================================================================
Received Import Request.
  Time since last request: 0.000062 seconds.
  path: Assets/LEGO/Materials/LEGO Behaviour Icons/Platform Action Side.mat
  artifactKey: Guid(1812ac93e1934472d84b406e5ff44f20) Importer(815301076,1909f56bfc062723c751e8b465ee728b)
Number of updated assets reloaded before import = 0
Start importing Assets/LEGO/Materials/LEGO Behaviour Icons/Platform Action Side.mat using Guid(1812ac93e1934472d84b406e5ff44f20) Importer(815301076,1909f56bfc062723c751e8b465ee728b)  -> (artifact id: '33f50b9ea0894d6a58c73a57974cad96') in 0.854654 seconds 
Number of asset objects unloaded after import = 13
========================================================================
Received Import Request.
  Time since last request: 0.000116 seconds.
  path: Assets/LEGO/Materials/LEGO Behaviour Icons/Pickup Action Side.mat
  artifactKey: Guid(4479e591aadd34fafad390140195d458) Importer(815301076,1909f56bfc062723c751e8b465ee728b)
Number of updated assets reloaded before import = 0
Start importing Assets/LEGO/Materials/LEGO Behaviour Icons/Pickup Action Side.mat using Guid(4479e591aadd34fafad390140195d458) Importer(815301076,1909f56bfc062723c751e8b465ee728b)  -> (artifact id: 'adb0eee668a6d8898e77f40b0de47aa6') in 0.012838 seconds 
Number of asset objects unloaded after import = 3
========================================================================
Received Import Request.
  Time since last request: 0.000070 seconds.
  path: Assets/LEGO/Gizmos/LEGO Behaviour Icons/Shoot Action.png
  artifactKey: Guid(1c645d5f90921411d971bb4a88fb0f55) Importer(815301076,1909f56bfc062723c751e8b465ee728b)
Number of updated assets reloaded before import = 0
Start importing Assets/LEGO/Gizmos/LEGO Behaviour Icons/Shoot Action.png using Guid(1c645d5f90921411d971bb4a88fb0f55) Importer(815301076,1909f56bfc062723c751e8b465ee728b)  -> (artifact id: '7f6b1ea748a83b5f37bb9e20c3cff0c3') in 0.008448 seconds 
Number of asset objects unloaded after import = 2
========================================================================
Received Import Request.
  Time since last request: 0.000056 seconds.
  path: Assets/LEGO/Materials/LEGO Behaviour Icons/Lose Action Side.mat
  artifactKey: Guid(da44c3104200a43eaa832cf838484e83) Importer(815301076,1909f56bfc062723c751e8b465ee728b)
Number of updated assets reloaded before import = 0
Start importing Assets/LEGO/Materials/LEGO Behaviour Icons/Lose Action Side.mat using Guid(da44c3104200a43eaa832cf838484e83) Importer(815301076,1909f56bfc062723c751e8b465ee728b)  -> (artifact id: '0b7d87171dd0b9c1d0bdeb19c2d0737b') in 0.012632 seconds 
Number of asset objects unloaded after import = 3
========================================================================
Received Import Request.
  Time since last request: 0.000058 seconds.
  path: Assets/LEGO/Gizmos/LEGO Behaviour Icons/Hover Action.png
  artifactKey: Guid(4f7127ceb16df43618a20c2668ac1224) Importer(815301076,1909f56bfc062723c751e8b465ee728b)
Number of updated assets reloaded before import = 0
Start importing Assets/LEGO/Gizmos/LEGO Behaviour Icons/Hover Action.png using Guid(4f7127ceb16df43618a20c2668ac1224) Importer(815301076,1909f56bfc062723c751e8b465ee728b)  -> (artifact id: 'e63ee38edb4e28b844604e79fbf33cf5') in 0.010367 seconds 
Number of asset objects unloaded after import = 2
========================================================================
Received Import Request.
  Time since last request: 0.000056 seconds.
  path: Assets/LEGO/Materials/LEGO Behaviour Icons/Spawn Action Side.mat
  artifactKey: Guid(d8af2095bf5c0324089b41db4705c5c0) Importer(815301076,1909f56bfc062723c751e8b465ee728b)
Number of updated assets reloaded before import = 0
Start importing Assets/LEGO/Materials/LEGO Behaviour Icons/Spawn Action Side.mat using Guid(d8af2095bf5c0324089b41db4705c5c0) Importer(815301076,1909f56bfc062723c751e8b465ee728b)  -> (artifact id: '2c4d2bb46b536ed435c81f89c7da24a3') in 0.012002 seconds 
Number of asset objects unloaded after import = 3
========================================================================
Received Import Request.
  Time since last request: 0.000068 seconds.
  path: Assets/LEGO/Gizmos/LEGO Behaviour Icons/Warning.png
  artifactKey: Guid(a53152dca1ed84bb8ae1e4348ac733d8) Importer(815301076,1909f56bfc062723c751e8b465ee728b)
Number of updated assets reloaded before import = 0
Start importing Assets/LEGO/Gizmos/LEGO Behaviour Icons/Warning.png using Guid(a53152dca1ed84bb8ae1e4348ac733d8) Importer(815301076,1909f56bfc062723c751e8b465ee728b)  -> (artifact id: '36e51483d8005413514c9a4503f5fe11') in 0.009762 seconds 
Number of asset objects unloaded after import = 2
========================================================================
Received Import Request.
  Time since last request: 0.000112 seconds.
  path: Assets/LEGO/Materials/LEGO Behaviour Icons/Nearby Trigger Side.mat
  artifactKey: Guid(f9be08ef393ed4d2bb3d9a380e80a824) Importer(815301076,1909f56bfc062723c751e8b465ee728b)
Number of updated assets reloaded before import = 0
Start importing Assets/LEGO/Materials/LEGO Behaviour Icons/Nearby Trigger Side.mat using Guid(f9be08ef393ed4d2bb3d9a380e80a824) Importer(815301076,1909f56bfc062723c751e8b465ee728b)  -> (artifact id: 'd6dc1b95d080283936892fc58775164b') in 0.011507 seconds 
Number of asset objects unloaded after import = 3
========================================================================
Received Import Request.
  Time since last request: 0.000089 seconds.
  path: Assets/LEGO/Gizmos/LEGO Behaviour Icons/Hazard Action.png
  artifactKey: Guid(89d1febd828a94b0f8c8dc5872748df8) Importer(815301076,1909f56bfc062723c751e8b465ee728b)
Number of updated assets reloaded before import = 0
Start importing Assets/LEGO/Gizmos/LEGO Behaviour Icons/Hazard Action.png using Guid(89d1febd828a94b0f8c8dc5872748df8) Importer(815301076,1909f56bfc062723c751e8b465ee728b)  -> (artifact id: '5778433dc1b9a9a031089a632e65fe37') in 0.007905 seconds 
Number of asset objects unloaded after import = 2
========================================================================
Received Import Request.
  Time since last request: 0.000097 seconds.
  path: Assets/LEGO/Gizmos/LEGO Behaviour Icons/Control Action.png
  artifactKey: Guid(47f3c44e595084a81b44a0e3463095aa) Importer(815301076,1909f56bfc062723c751e8b465ee728b)
Number of updated assets reloaded before import = 0
Start importing Assets/LEGO/Gizmos/LEGO Behaviour Icons/Control Action.png using Guid(47f3c44e595084a81b44a0e3463095aa) Importer(815301076,1909f56bfc062723c751e8b465ee728b)  -> (artifact id: '6fe65da4ce7d19bb4396ca6c30d28f87') in 0.007755 seconds 
Number of asset objects unloaded after import = 2
========================================================================
Received Import Request.
  Time since last request: 0.000093 seconds.
  path: Assets/LEGO/Materials/LEGO Behaviour Icons/Input Trigger Side.mat
  artifactKey: Guid(225bb35e52814460c9736fdc39c9ca04) Importer(815301076,1909f56bfc062723c751e8b465ee728b)
Number of updated assets reloaded before import = 0
Start importing Assets/LEGO/Materials/LEGO Behaviour Icons/Input Trigger Side.mat using Guid(225bb35e52814460c9736fdc39c9ca04) Importer(815301076,1909f56bfc062723c751e8b465ee728b)  -> (artifact id: 'f3f23c63e36036ce2ccd4cf7c33ce4f6') in 0.013005 seconds 
Number of asset objects unloaded after import = 3
========================================================================
Received Import Request.
  Time since last request: 0.000053 seconds.
  path: Assets/LEGO/Materials/LEGO Behaviour Icons/Speak Action Side.mat
  artifactKey: Guid(94a1d4a67b2cc70449bb2cd98a5cde3a) Importer(815301076,1909f56bfc062723c751e8b465ee728b)
Number of updated assets reloaded before import = 0
Start importing Assets/LEGO/Materials/LEGO Behaviour Icons/Speak Action Side.mat using Guid(94a1d4a67b2cc70449bb2cd98a5cde3a) Importer(815301076,1909f56bfc062723c751e8b465ee728b)  -> (artifact id: '1b4fe190697779c3a396e499b10eee43') in 0.011044 seconds 
Number of asset objects unloaded after import = 3
========================================================================
Received Import Request.
  Time since last request: 0.000209 seconds.
  path: Assets/LEGO/Materials/LEGO Behaviour Icons/Hover Action Side.mat
  artifactKey: Guid(51e7aecb8b18f47bf8a21f0a8b536247) Importer(815301076,1909f56bfc062723c751e8b465ee728b)
Number of updated assets reloaded before import = 0
Start importing Assets/LEGO/Materials/LEGO Behaviour Icons/Hover Action Side.mat using Guid(51e7aecb8b18f47bf8a21f0a8b536247) Importer(815301076,1909f56bfc062723c751e8b465ee728b)  -> (artifact id: 'cc5e81794e8adbcbb07b149a5bd0dc83') in 0.009845 seconds 
Number of asset objects unloaded after import = 3
========================================================================
Received Import Request.
  Time since last request: 0.000102 seconds.
  path: Assets/LEGO/Materials/LEGO Behaviour Icons/Rotate Action Side.mat
  artifactKey: Guid(e5f41d261f2394b95b885b51f2a244c0) Importer(815301076,1909f56bfc062723c751e8b465ee728b)
Number of updated assets reloaded before import = 0
Start importing Assets/LEGO/Materials/LEGO Behaviour Icons/Rotate Action Side.mat using Guid(e5f41d261f2394b95b885b51f2a244c0) Importer(815301076,1909f56bfc062723c751e8b465ee728b)  -> (artifact id: '6536d188b3cb1387c20598ce351af05c') in 0.010967 seconds 
Number of asset objects unloaded after import = 3
========================================================================
Received Import Request.
  Time since last request: 0.000061 seconds.
  path: Assets/LEGO/Materials/LEGO Behaviour Icons/Explode Action Side.mat
  artifactKey: Guid(e5392c50c83f14927ad40f6a390a314e) Importer(815301076,1909f56bfc062723c751e8b465ee728b)
Number of updated assets reloaded before import = 0
Start importing Assets/LEGO/Materials/LEGO Behaviour Icons/Explode Action Side.mat using Guid(e5392c50c83f14927ad40f6a390a314e) Importer(815301076,1909f56bfc062723c751e8b465ee728b)  -> (artifact id: '01c4b8daf790f943b615eb17f809a537') in 0.013608 seconds 
Number of asset objects unloaded after import = 3
========================================================================
Received Import Request.
  Time since last request: 0.000098 seconds.
  path: Assets/LEGO/Gizmos/LEGO Behaviour Icons/One Button Action.png
  artifactKey: Guid(af1ed84c82941204789387b147ec2bda) Importer(815301076,1909f56bfc062723c751e8b465ee728b)
Number of updated assets reloaded before import = 0
Start importing Assets/LEGO/Gizmos/LEGO Behaviour Icons/One Button Action.png using Guid(af1ed84c82941204789387b147ec2bda) Importer(815301076,1909f56bfc062723c751e8b465ee728b)  -> (artifact id: 'a65770805f9f2f6bfacf701048385d42') in 0.008719 seconds 
Number of asset objects unloaded after import = 2
========================================================================
Received Import Request.
  Time since last request: 0.000055 seconds.
  path: Assets/LEGO/Gizmos/LEGO Behaviour Icons/Alive Action.png
  artifactKey: Guid(1cb0f6f33150d4e01916c22d8c8c0849) Importer(815301076,1909f56bfc062723c751e8b465ee728b)
Number of updated assets reloaded before import = 0
Start importing Assets/LEGO/Gizmos/LEGO Behaviour Icons/Alive Action.png using Guid(1cb0f6f33150d4e01916c22d8c8c0849) Importer(815301076,1909f56bfc062723c751e8b465ee728b)  -> (artifact id: '121a74436129ec3883696a5a721511de') in 0.009892 seconds 
Number of asset objects unloaded after import = 2
========================================================================
Received Import Request.
  Time since last request: 0.000063 seconds.
  path: Assets/LEGO/Gizmos/LEGO Behaviour Icons/Counter Action.png
  artifactKey: Guid(44ab82752144a4d6199e78ad32cb34ab) Importer(815301076,1909f56bfc062723c751e8b465ee728b)
Number of updated assets reloaded before import = 0
Start importing Assets/LEGO/Gizmos/LEGO Behaviour Icons/Counter Action.png using Guid(44ab82752144a4d6199e78ad32cb34ab) Importer(815301076,1909f56bfc062723c751e8b465ee728b)  -> (artifact id: '92d5dc83f09d1dc18c16f6602596616f') in 0.008511 seconds 
Number of asset objects unloaded after import = 2
========================================================================
Received Import Request.
  Time since last request: 0.000077 seconds.
  path: Assets/LEGO/Gizmos/LEGO Behaviour Icons/Win Action.png
  artifactKey: Guid(3c4f42cc4cfce402f9a49f0a860003a3) Importer(815301076,1909f56bfc062723c751e8b465ee728b)
Number of updated assets reloaded before import = 0
Start importing Assets/LEGO/Gizmos/LEGO Behaviour Icons/Win Action.png using Guid(3c4f42cc4cfce402f9a49f0a860003a3) Importer(815301076,1909f56bfc062723c751e8b465ee728b)  -> (artifact id: 'f3a300331bde1bd89bb910d7fb632099') in 0.009267 seconds 
Number of asset objects unloaded after import = 2
========================================================================
Received Import Request.
  Time since last request: 0.000325 seconds.
  path: Assets/LEGO/Gizmos/LEGO Behaviour Icons/Random Trigger.png
  artifactKey: Guid(9878e561595be41a1a47a93727318c7e) Importer(815301076,1909f56bfc062723c751e8b465ee728b)
Number of updated assets reloaded before import = 0
Start importing Assets/LEGO/Gizmos/LEGO Behaviour Icons/Random Trigger.png using Guid(9878e561595be41a1a47a93727318c7e) Importer(815301076,1909f56bfc062723c751e8b465ee728b)  -> (artifact id: '18a6c8db827d6dc9e29d1c4fc1c8ae13') in 0.008867 seconds 
Number of asset objects unloaded after import = 2
========================================================================
Received Import Request.
  Time since last request: 0.000098 seconds.
  path: Assets/LEGO/Gizmos/LEGO Behaviour Icons/Spawn Action.png
  artifactKey: Guid(6a1d74b44575444df85c60a8813fc0d1) Importer(815301076,1909f56bfc062723c751e8b465ee728b)
Number of updated assets reloaded before import = 0
Start importing Assets/LEGO/Gizmos/LEGO Behaviour Icons/Spawn Action.png using Guid(6a1d74b44575444df85c60a8813fc0d1) Importer(815301076,1909f56bfc062723c751e8b465ee728b)  -> (artifact id: '7eea27b1bb32e0b8e1fb080e63af56fd') in 0.016389 seconds 
Number of asset objects unloaded after import = 2
========================================================================
Received Import Request.
  Time since last request: 0.000122 seconds.
  path: Assets/LEGO/Materials/LEGO Behaviour Icons/Shoot Action Side.mat
  artifactKey: Guid(175342944147e437cb54a423da93b65a) Importer(815301076,1909f56bfc062723c751e8b465ee728b)
Number of updated assets reloaded before import = 0
Start importing Assets/LEGO/Materials/LEGO Behaviour Icons/Shoot Action Side.mat using Guid(175342944147e437cb54a423da93b65a) Importer(815301076,1909f56bfc062723c751e8b465ee728b)  -> (artifact id: '5e38000da8227dbcf4cf156eafbb660d') in 0.022719 seconds 
Number of asset objects unloaded after import = 3
========================================================================
Received Import Request.
  Time since last request: 0.000122 seconds.
  path: Assets/LEGO/Gizmos/LEGO Behaviour Icons/Audio Action.png
  artifactKey: Guid(b1f0f14707a0e4a589c9a546da887dae) Importer(815301076,1909f56bfc062723c751e8b465ee728b)
Number of updated assets reloaded before import = 0
Start importing Assets/LEGO/Gizmos/LEGO Behaviour Icons/Audio Action.png using Guid(b1f0f14707a0e4a589c9a546da887dae) Importer(815301076,1909f56bfc062723c751e8b465ee728b)  -> (artifact id: 'b3f5c55442d800101730a4b83b1a9011') in 0.019364 seconds 
Number of asset objects unloaded after import = 2
========================================================================
Received Import Request.
  Time since last request: 0.000124 seconds.
  path: Assets/LEGO/Materials/LEGO Behaviour Icons/Touch Trigger Side.mat
  artifactKey: Guid(e5ad3efa36a9c46b4812cff69a557ba0) Importer(815301076,1909f56bfc062723c751e8b465ee728b)
Number of updated assets reloaded before import = 0
Start importing Assets/LEGO/Materials/LEGO Behaviour Icons/Touch Trigger Side.mat using Guid(e5ad3efa36a9c46b4812cff69a557ba0) Importer(815301076,1909f56bfc062723c751e8b465ee728b)  -> (artifact id: '0252b4fce5f941adc91260f89e9fb6ee') in 0.028056 seconds 
Number of asset objects unloaded after import = 3
========================================================================
Received Import Request.
  Time since last request: 0.000109 seconds.
  path: Assets/LEGO/Materials/LEGO Behaviour Icons/Alive Action Side.mat
  artifactKey: Guid(22f6c22676043440790e643f7f320781) Importer(815301076,1909f56bfc062723c751e8b465ee728b)
Number of updated assets reloaded before import = 0
Start importing Assets/LEGO/Materials/LEGO Behaviour Icons/Alive Action Side.mat using Guid(22f6c22676043440790e643f7f320781) Importer(815301076,1909f56bfc062723c751e8b465ee728b)  -> (artifact id: '5bdc4398c32ddd75c4a16f888d990a6b') in 0.013294 seconds 
Number of asset objects unloaded after import = 3
========================================================================
Received Prepare
Registering precompiled user dll's ...
Registered in 0.002116 seconds.
Begin MonoManager ReloadAssembly
Thread 0x334587000 may have been prematurely finalized
Native extension for iOS target not found
Native extension for Android target not found
Native extension for OSXStandalone target not found
Native extension for WebGL target not found
Refreshing native plugins compatible for Editor in 1.12 ms, found 2 plugins.
Preloading 0 native plugins for Editor in 0.00 ms.
[Package Manager] Server::EnsureServerProcessIsRunning -- launch failed, reason: Unity was launched with the -noUpm command-line argument
[Package Manager] Cannot connect to Unity Package Manager local server
Mono: successfully reloaded assembly
- Completed reload, in  1.789 seconds
Domain Reload Profiling:
	ReloadAssembly (1790ms)
		BeginReloadAssembly (210ms)
			ExecutionOrderSort (0ms)
			DisableScriptedObjects (10ms)
			BackupInstance (0ms)
			ReleaseScriptingObjects (0ms)
			CreateAndSetChildDomain (94ms)
		EndReloadAssembly (1477ms)
			LoadAssemblies (84ms)
			RebuildTransferFunctionScriptingTraits (0ms)
			SetupTypeCache (374ms)
			ReleaseScriptCaches (3ms)
			RebuildScriptCaches (74ms)
			SetupLoadedEditorAssemblies (828ms)
				LogAssemblyErrors (0ms)
				InitializePlatformSupportModulesInManaged (37ms)
				SetLoadedEditorAssemblies (0ms)
				RefreshPlugins (1ms)
				BeforeProcessingInitializeOnLoad (107ms)
				ProcessInitializeOnLoadAttributes (605ms)
				ProcessInitializeOnLoadMethodAttributes (76ms)
				AfterProcessingInitializeOnLoad (2ms)
				EditorAssembliesLoaded (0ms)
			ExecutionOrderSort2 (0ms)
			AwakeInstancesAfterBackupRestoration (11ms)
Platform modules already initialized, skipping
Refreshing native plugins compatible for Editor in 1.12 ms, found 2 plugins.
Preloading 0 native plugins for Editor in 0.00 ms.
Unloading 5278 Unused Serialized files (Serialized files now loaded: 0)
Unloading 46 unused Assets / (402.6 KB). Loaded Objects now: 5979.
Memory consumption went from 215.9 MB to 215.5 MB.
Total: 5.512250 ms (FindLiveObjects: 0.303917 ms CreateObjectMapping: 0.112333 ms MarkObjects: 4.917375 ms  DeleteObjects: 0.177958 ms)

AssetImportParameters requested are different than current active one (requested -> active):
  custom:video-decoder-ogg-theora: a1e56fd34408186e4bbccfd4996cb3dc -> 
  custom:container-muxer-webm: aa71ff27fc2769a1b78a27578f13a17b -> 
  custom:container-demuxer-webm: 4f35f7cbe854078d1ac9338744f61a02 -> 
  custom:video-encoder-webm-vp8: eb34c28f22e8b96e1ab97ce403110664 -> 
  custom:framework-osx-AVFoundation: e770b220cccbd017edd2c1fefb359320 -> 
  custom:CustomObjectIndexerAttribute: 6b0e35c9178b02a6363f3721b7b8e397 -> 
  custom:audio-encoder-webm-vorbis: bf7c407c2cedff20999df2af8eb42d56 -> 
  custom:SearchIndexIgnoredProperties: e643bd26f0fe6173181afceb89e7c659 -> 
  custom:container-demuxer-ogg: 62fdf1f143b41e24485cea50d1cbac27 -> 
  custom:video-decoder-webm-vp8: 9c59270c3fd7afecdb556c50c9e8de78 -> 
  custom:audio-decoder-ogg-vorbis: bf7c407c2cedff20999df2af8eb42d56 -> 
========================================================================
Received Prepare
Registering precompiled user dll's ...
Registered in 0.002767 seconds.
Begin MonoManager ReloadAssembly
Thread 0x16fd07000 may have been prematurely finalized
Native extension for iOS target not found
Native extension for Android target not found
Native extension for OSXStandalone target not found
Native extension for WebGL target not found
Refreshing native plugins compatible for Editor in 1.49 ms, found 2 plugins.
Preloading 0 native plugins for Editor in 0.00 ms.
[Package Manager] Server::EnsureServerProcessIsRunning -- launch failed, reason: Unity was launched with the -noUpm command-line argument
[Package Manager] Cannot connect to Unity Package Manager local server
Mono: successfully reloaded assembly
- Completed reload, in  1.655 seconds
Domain Reload Profiling:
	ReloadAssembly (1656ms)
		BeginReloadAssembly (240ms)
			ExecutionOrderSort (0ms)
			DisableScriptedObjects (7ms)
			BackupInstance (0ms)
			ReleaseScriptingObjects (0ms)
			CreateAndSetChildDomain (114ms)
		EndReloadAssembly (1312ms)
			LoadAssemblies (82ms)
			RebuildTransferFunctionScriptingTraits (0ms)
			SetupTypeCache (359ms)
			ReleaseScriptCaches (3ms)
			RebuildScriptCaches (66ms)
			SetupLoadedEditorAssemblies (726ms)
				LogAssemblyErrors (0ms)
				InitializePlatformSupportModulesInManaged (33ms)
				SetLoadedEditorAssemblies (0ms)
				RefreshPlugins (2ms)
				BeforeProcessingInitializeOnLoad (94ms)
				ProcessInitializeOnLoadAttributes (538ms)
				ProcessInitializeOnLoadMethodAttributes (58ms)
				AfterProcessingInitializeOnLoad (1ms)
				EditorAssembliesLoaded (0ms)
			ExecutionOrderSort2 (0ms)
			AwakeInstancesAfterBackupRestoration (8ms)
Platform modules already initialized, skipping
Refreshing native plugins compatible for Editor in 0.93 ms, found 2 plugins.
Preloading 0 native plugins for Editor in 0.00 ms.
Unloading 5256 Unused Serialized files (Serialized files now loaded: 0)
Unloading 28 unused Assets / (402.6 KB). Loaded Objects now: 5994.
Memory consumption went from 214.7 MB to 214.3 MB.
Total: 5.487958 ms (FindLiveObjects: 0.411792 ms CreateObjectMapping: 0.130208 ms MarkObjects: 4.787375 ms  DeleteObjects: 0.157250 ms)

AssetImportParameters requested are different than current active one (requested -> active):
  custom:video-decoder-ogg-theora: a1e56fd34408186e4bbccfd4996cb3dc -> 
  custom:container-muxer-webm: aa71ff27fc2769a1b78a27578f13a17b -> 
  custom:container-demuxer-webm: 4f35f7cbe854078d1ac9338744f61a02 -> 
  custom:video-encoder-webm-vp8: eb34c28f22e8b96e1ab97ce403110664 -> 
  custom:framework-osx-AVFoundation: e770b220cccbd017edd2c1fefb359320 -> 
  custom:CustomObjectIndexerAttribute: 6b0e35c9178b02a6363f3721b7b8e397 -> 
  custom:audio-encoder-webm-vorbis: bf7c407c2cedff20999df2af8eb42d56 -> 
  custom:SearchIndexIgnoredProperties: e643bd26f0fe6173181afceb89e7c659 -> 
  custom:container-demuxer-ogg: 62fdf1f143b41e24485cea50d1cbac27 -> 
  custom:video-decoder-webm-vp8: 9c59270c3fd7afecdb556c50c9e8de78 -> 
  custom:audio-decoder-ogg-vorbis: bf7c407c2cedff20999df2af8eb42d56 -> 
