Unity Editor version:    2021.3.39f1 (fb3b7b32f191)
Branch:                  2021.3/staging
Build type:              Release
Batch mode:              YES
macOS version:           Version 14.5 (Build 23F79)
Darwin version:          23.5.0
Architecture:            arm64
Running under Rosetta:   NO
Available memory:        16384 MB
Using pre-set license
Pro License: YES

COMMAND LINE ARGUMENTS:
/Applications/Unity/Hub/Editor/2021.3.39f1/Unity.app/Contents/MacOS/Unity
-adb2
-batchMode
-noUpm
-name
AssetImportWorker0
-projectPath
/Users/green_jeong/GitHub/Unity/tutorial/01/LEGO Microgame
-logFile
Logs/AssetImportWorker0.log
-srvPort
50642
Successfully changed project path to: /Users/green_jeong/GitHub/Unity/tutorial/01/LEGO Microgame
/Users/green_jeong/GitHub/Unity/tutorial/01/LEGO Microgame
[UnityMemory] Configuration Parameters - Can be set up in boot.config
    "memorysetup-bucket-allocator-granularity=16"
    "memorysetup-bucket-allocator-bucket-count=8"
    "memorysetup-bucket-allocator-block-size=33554432"
    "memorysetup-bucket-allocator-block-count=8"
    "memorysetup-main-allocator-block-size=16777216"
    "memorysetup-thread-allocator-block-size=16777216"
    "memorysetup-gfx-main-allocator-block-size=16777216"
    "memorysetup-gfx-thread-allocator-block-size=16777216"
    "memorysetup-cache-allocator-block-size=4194304"
    "memorysetup-typetree-allocator-block-size=2097152"
    "memorysetup-profiler-bucket-allocator-granularity=16"
    "memorysetup-profiler-bucket-allocator-bucket-count=8"
    "memorysetup-profiler-bucket-allocator-block-size=33554432"
    "memorysetup-profiler-bucket-allocator-block-count=8"
    "memorysetup-profiler-allocator-block-size=16777216"
    "memorysetup-profiler-editor-allocator-block-size=1048576"
    "memorysetup-temp-allocator-size-main=16777216"
    "memorysetup-job-temp-allocator-block-size=2097152"
    "memorysetup-job-temp-allocator-block-size-background=1048576"
    "memorysetup-job-temp-allocator-reduction-small-platforms=262144"
    "memorysetup-temp-allocator-size-background-worker=32768"
    "memorysetup-temp-allocator-size-job-worker=262144"
    "memorysetup-temp-allocator-size-preload-manager=33554432"
    "memorysetup-temp-allocator-size-nav-mesh-worker=65536"
    "memorysetup-temp-allocator-size-audio-worker=65536"
    "memorysetup-temp-allocator-size-cloud-worker=32768"
    "memorysetup-temp-allocator-size-gi-baking-worker=262144"
    "memorysetup-temp-allocator-size-gfx=262144"
Player connection [8471596032] Host "[IP] 192.168.4.174 [Port] 0 [Flags] 2 [Guid] 2459156530 [EditorId] 2459156530 [Version] 1048832 [Id] OSXEditor(0,Green-MacBook-Air.local) [Debug] 1 [PackageName] OSXEditor [ProjectName] Editor" joined multi-casting on [225.0.0.222:54997]...

Player connection [8471596032] Host "[IP] 192.168.4.174 [Port] 0 [Flags] 2 [Guid] 2459156530 [EditorId] 2459156530 [Version] 1048832 [Id] OSXEditor(0,Green-MacBook-Air.local) [Debug] 1 [PackageName] OSXEditor [ProjectName] Editor" joined alternative multi-casting on [225.0.0.222:34997]...

[Physics::Module] Initialized MultithreadedJobDispatcher with {0} workers.
Refreshing native plugins compatible for Editor in 216.78 ms, found 2 plugins.
Preloading 0 native plugins for Editor in 0.00 ms.
Initialize engine version: 2021.3.39f1 (fb3b7b32f191)
[Subsystems] Discovering subsystems at path /Applications/Unity/Hub/Editor/2021.3.39f1/Unity.app/Contents/Resources/UnitySubsystems
[Subsystems] Discovering subsystems at path /Users/green_jeong/GitHub/Unity/tutorial/01/LEGO Microgame/Assets
GfxDevice: creating device client; threaded=0; jobified=0
 preferred device: Apple M3 (high power)
Metal devices available: 1
0: Apple M3 (high power)
Using device Apple M3 (high power)
Initializing Metal device caps: Apple M3
Initialize mono
Mono path[0] = '/Applications/Unity/Hub/Editor/2021.3.39f1/Unity.app/Contents/Managed'
Mono path[1] = '/Applications/Unity/Hub/Editor/2021.3.39f1/Unity.app/Contents/MonoBleedingEdge/lib/mono/unityjit-macos'
Mono config path = '/Applications/Unity/Hub/Editor/2021.3.39f1/Unity.app/Contents/MonoBleedingEdge/etc'
Using monoOptions --debugger-agent=transport=dt_socket,embedding=1,server=y,suspend=n,address=127.0.0.1:56885
Begin MonoManager ReloadAssembly
Registering precompiled unity dll's ...
Register platform support module: /Applications/Unity/Hub/Editor/2021.3.39f1/PlaybackEngines/WebGLSupport/UnityEditor.WebGL.Extensions.dll
Register platform support module: /Applications/Unity/Hub/Editor/2021.3.39f1/Unity.app/Contents/PlaybackEngines/MacStandaloneSupport/UnityEditor.OSXStandalone.Extensions.dll
Register platform support module: /Applications/Unity/Hub/Editor/2021.3.39f1/PlaybackEngines/AndroidPlayer/UnityEditor.Android.Extensions.dll
Register platform support module: /Applications/Unity/Hub/Editor/2021.3.39f1/PlaybackEngines/iOSSupport/UnityEditor.iOS.Extensions.dll
Registered in 0.004133 seconds.
[usbmuxd] Start listen thread
[usbmuxd] Listen thread started
[usbmuxd] Send listen message
Native extension for iOS target not found
Native extension for Android target not found
Android Extension - Scanning For ADB Devices 138 ms
Native extension for OSXStandalone target not found
Native extension for WebGL target not found
Refreshing native plugins compatible for Editor in 197.58 ms, found 2 plugins.
Preloading 0 native plugins for Editor in 0.00 ms.
Mono: successfully reloaded assembly
- Completed reload, in  1.208 seconds
Domain Reload Profiling:
	ReloadAssembly (1209ms)
		BeginReloadAssembly (134ms)
			ExecutionOrderSort (0ms)
			DisableScriptedObjects (0ms)
			BackupInstance (0ms)
			ReleaseScriptingObjects (0ms)
			CreateAndSetChildDomain (1ms)
		EndReloadAssembly (953ms)
			LoadAssemblies (137ms)
			RebuildTransferFunctionScriptingTraits (0ms)
			SetupTypeCache (152ms)
			ReleaseScriptCaches (0ms)
			RebuildScriptCaches (38ms)
			SetupLoadedEditorAssemblies (705ms)
				LogAssemblyErrors (0ms)
				InitializePlatformSupportModulesInManaged (370ms)
				SetLoadedEditorAssemblies (0ms)
				RefreshPlugins (198ms)
				BeforeProcessingInitializeOnLoad (2ms)
				ProcessInitializeOnLoadAttributes (93ms)
				ProcessInitializeOnLoadMethodAttributes (42ms)
				AfterProcessingInitializeOnLoad (0ms)
				EditorAssembliesLoaded (0ms)
			ExecutionOrderSort2 (0ms)
			AwakeInstancesAfterBackupRestoration (0ms)
Platform modules already initialized, skipping
Registering precompiled user dll's ...
Registered in 0.003446 seconds.
Begin MonoManager ReloadAssembly
Native extension for iOS target not found
Native extension for Android target not found
Native extension for OSXStandalone target not found
Native extension for WebGL target not found
Refreshing native plugins compatible for Editor in 228.94 ms, found 2 plugins.
Preloading 0 native plugins for Editor in 0.00 ms.
Package Manager log level set to [2]
[Package Manager] Server::EnsureServerProcessIsRunning -- launch failed, reason: Unity was launched with the -noUpm command-line argument
[Package Manager] Cannot connect to Unity Package Manager local server
Mono: successfully reloaded assembly
- Completed reload, in  1.906 seconds
Domain Reload Profiling:
	ReloadAssembly (1907ms)
		BeginReloadAssembly (130ms)
			ExecutionOrderSort (0ms)
			DisableScriptedObjects (6ms)
			BackupInstance (0ms)
			ReleaseScriptingObjects (0ms)
			CreateAndSetChildDomain (37ms)
		EndReloadAssembly (1647ms)
			LoadAssemblies (151ms)
			RebuildTransferFunctionScriptingTraits (0ms)
			SetupTypeCache (390ms)
			ReleaseScriptCaches (1ms)
			RebuildScriptCaches (106ms)
			SetupLoadedEditorAssemblies (925ms)
				LogAssemblyErrors (0ms)
				InitializePlatformSupportModulesInManaged (39ms)
				SetLoadedEditorAssemblies (0ms)
				RefreshPlugins (229ms)
				BeforeProcessingInitializeOnLoad (154ms)
				ProcessInitializeOnLoadAttributes (406ms)
				ProcessInitializeOnLoadMethodAttributes (95ms)
				AfterProcessingInitializeOnLoad (1ms)
				EditorAssembliesLoaded (0ms)
			ExecutionOrderSort2 (0ms)
			AwakeInstancesAfterBackupRestoration (4ms)
Platform modules already initialized, skipping
========================================================================
Worker process is ready to serve import requests
Launching external process: /Applications/Unity/Hub/Editor/2021.3.39f1/Unity.app/Contents/Tools/UnityShaderCompiler
Launched and connected shader compiler UnityShaderCompiler after 0.06 seconds
Refreshing native plugins compatible for Editor in 1.16 ms, found 2 plugins.
Preloading 0 native plugins for Editor in 0.00 ms.
Unloading 5401 Unused Serialized files (Serialized files now loaded: 0)
Unloading 48 unused Assets / (0.7 MB). Loaded Objects now: 5855.
Memory consumption went from 213.1 MB to 212.3 MB.
Total: 5.070166 ms (FindLiveObjects: 0.299208 ms CreateObjectMapping: 0.109417 ms MarkObjects: 4.292000 ms  DeleteObjects: 0.368667 ms)

AssetImportParameters requested are different than current active one (requested -> active):
  custom:video-decoder-ogg-theora: a1e56fd34408186e4bbccfd4996cb3dc -> 
  custom:container-muxer-webm: aa71ff27fc2769a1b78a27578f13a17b -> 
  custom:container-demuxer-webm: 4f35f7cbe854078d1ac9338744f61a02 -> 
  custom:video-encoder-webm-vp8: eb34c28f22e8b96e1ab97ce403110664 -> 
  custom:framework-osx-AVFoundation: e770b220cccbd017edd2c1fefb359320 -> 
  custom:CustomObjectIndexerAttribute: 6b0e35c9178b02a6363f3721b7b8e397 -> 
  custom:audio-encoder-webm-vorbis: bf7c407c2cedff20999df2af8eb42d56 -> 
  custom:SearchIndexIgnoredProperties: e643bd26f0fe6173181afceb89e7c659 -> 
  custom:container-demuxer-ogg: 62fdf1f143b41e24485cea50d1cbac27 -> 
  custom:video-decoder-webm-vp8: 9c59270c3fd7afecdb556c50c9e8de78 -> 
  custom:audio-decoder-ogg-vorbis: bf7c407c2cedff20999df2af8eb42d56 -> 
========================================================================
Received Import Request.
  Time since last request: 200489.114143 seconds.
  path: Assets/LEGO/Gizmos/LEGO Behaviour Icons/Elevator Action.png
  artifactKey: Guid(62396c4e8773645d5bc8da9ff7d56efc) Importer(815301076,1909f56bfc062723c751e8b465ee728b)
Number of updated assets reloaded before import = 0
Start importing Assets/LEGO/Gizmos/LEGO Behaviour Icons/Elevator Action.png using Guid(62396c4e8773645d5bc8da9ff7d56efc) Importer(815301076,1909f56bfc062723c751e8b465ee728b)  -> (artifact id: 'e99a61433cb88a424fa09a8d41b27cbe') in 1.250018 seconds 
Number of asset objects unloaded after import = 2
========================================================================
Received Import Request.
  Time since last request: 0.000163 seconds.
  path: Assets/LEGO/Materials/LEGO Behaviour Icons/Win Action Side.mat
  artifactKey: Guid(ded2ef47b2cd842238af067566357b3f) Importer(815301076,1909f56bfc062723c751e8b465ee728b)
Number of updated assets reloaded before import = 0
Start importing Assets/LEGO/Materials/LEGO Behaviour Icons/Win Action Side.mat using Guid(ded2ef47b2cd842238af067566357b3f) Importer(815301076,1909f56bfc062723c751e8b465ee728b)  -> (artifact id: '4afc41e13363471614a49fa3e3a35ba1') in 0.900134 seconds 
Number of asset objects unloaded after import = 13
========================================================================
Received Import Request.
  Time since last request: 0.000085 seconds.
  path: Assets/LEGO/Materials/LEGO Behaviour Icons/Look At Action Side.mat
  artifactKey: Guid(85723cceac7d64f03b57a30bfe02c773) Importer(815301076,1909f56bfc062723c751e8b465ee728b)
Number of updated assets reloaded before import = 0
Start importing Assets/LEGO/Materials/LEGO Behaviour Icons/Look At Action Side.mat using Guid(85723cceac7d64f03b57a30bfe02c773) Importer(815301076,1909f56bfc062723c751e8b465ee728b)  -> (artifact id: 'c41667a659254da39745669ad801c5bc') in 0.010897 seconds 
Number of asset objects unloaded after import = 3
========================================================================
Received Import Request.
  Time since last request: 0.000084 seconds.
  path: Assets/LEGO/Gizmos/LEGO Behaviour Icons/Timer Trigger.png
  artifactKey: Guid(39bb6c2190ef044e88f2fc3255ac9b9b) Importer(815301076,1909f56bfc062723c751e8b465ee728b)
Number of updated assets reloaded before import = 0
Start importing Assets/LEGO/Gizmos/LEGO Behaviour Icons/Timer Trigger.png using Guid(39bb6c2190ef044e88f2fc3255ac9b9b) Importer(815301076,1909f56bfc062723c751e8b465ee728b)  -> (artifact id: '6f573653458577f5128021dfe9d4cdbb') in 0.008285 seconds 
Number of asset objects unloaded after import = 2
========================================================================
Received Import Request.
  Time since last request: 0.000123 seconds.
  path: Assets/LEGO/Materials/LEGO Behaviour Icons/Pickup Trigger Side.mat
  artifactKey: Guid(bbea7331494474e9b879d9ddbad85601) Importer(815301076,1909f56bfc062723c751e8b465ee728b)
Number of updated assets reloaded before import = 0
Start importing Assets/LEGO/Materials/LEGO Behaviour Icons/Pickup Trigger Side.mat using Guid(bbea7331494474e9b879d9ddbad85601) Importer(815301076,1909f56bfc062723c751e8b465ee728b)  -> (artifact id: '331ca05db3fe143e0f814252167f735b') in 0.012961 seconds 
Number of asset objects unloaded after import = 3
========================================================================
Received Import Request.
  Time since last request: 0.000057 seconds.
  path: Assets/LEGO/Materials/LEGO Behaviour Icons/Control Action Side.mat
  artifactKey: Guid(6dae5fb88ee1f48978585bf246eb6fd2) Importer(815301076,1909f56bfc062723c751e8b465ee728b)
Number of updated assets reloaded before import = 0
Start importing Assets/LEGO/Materials/LEGO Behaviour Icons/Control Action Side.mat using Guid(6dae5fb88ee1f48978585bf246eb6fd2) Importer(815301076,1909f56bfc062723c751e8b465ee728b)  -> (artifact id: '82fa18b44bc76e9c54dc108090498ee3') in 0.016882 seconds 
Number of asset objects unloaded after import = 3
========================================================================
Received Import Request.
  Time since last request: 0.000082 seconds.
  path: Assets/LEGO/Materials/LEGO Behaviour Icons/Random Trigger Side.mat
  artifactKey: Guid(6a1b9acdb46854395a28a77195673513) Importer(815301076,1909f56bfc062723c751e8b465ee728b)
Number of updated assets reloaded before import = 0
Start importing Assets/LEGO/Materials/LEGO Behaviour Icons/Random Trigger Side.mat using Guid(6a1b9acdb46854395a28a77195673513) Importer(815301076,1909f56bfc062723c751e8b465ee728b)  -> (artifact id: '819c4f6fdee18872f5d3a660bdf37c18') in 0.009317 seconds 
Number of asset objects unloaded after import = 3
========================================================================
Received Import Request.
  Time since last request: 0.000068 seconds.
  path: Assets/LEGO/Gizmos/LEGO Behaviour Icons/Touch Trigger.png
  artifactKey: Guid(d3e91294b11524d4ebecfbe5cabf974d) Importer(815301076,1909f56bfc062723c751e8b465ee728b)
Number of updated assets reloaded before import = 0
Start importing Assets/LEGO/Gizmos/LEGO Behaviour Icons/Touch Trigger.png using Guid(d3e91294b11524d4ebecfbe5cabf974d) Importer(815301076,1909f56bfc062723c751e8b465ee728b)  -> (artifact id: '95061f6a4a0f42a8b3a18dbc3aae5f9a') in 0.010883 seconds 
Number of asset objects unloaded after import = 2
========================================================================
Received Import Request.
  Time since last request: 0.000080 seconds.
  path: Assets/LEGO/Materials/LEGO Behaviour Icons/Audio Action Side.mat
  artifactKey: Guid(7dbfdc2bcda1e40c2b9ae939604be918) Importer(815301076,1909f56bfc062723c751e8b465ee728b)
Number of updated assets reloaded before import = 0
Start importing Assets/LEGO/Materials/LEGO Behaviour Icons/Audio Action Side.mat using Guid(7dbfdc2bcda1e40c2b9ae939604be918) Importer(815301076,1909f56bfc062723c751e8b465ee728b)  -> (artifact id: '4073d6dd4fb697ad156e8c40460a7c81') in 0.013910 seconds 
Number of asset objects unloaded after import = 3
========================================================================
Received Import Request.
  Time since last request: 0.000104 seconds.
  path: Assets/LEGO/Materials/LEGO Behaviour Icons/Timer Trigger Side.mat
  artifactKey: Guid(b7e5bb6c489f14eb0bb12454f18fd97f) Importer(815301076,1909f56bfc062723c751e8b465ee728b)
Number of updated assets reloaded before import = 0
Start importing Assets/LEGO/Materials/LEGO Behaviour Icons/Timer Trigger Side.mat using Guid(b7e5bb6c489f14eb0bb12454f18fd97f) Importer(815301076,1909f56bfc062723c751e8b465ee728b)  -> (artifact id: 'cbebd85034143690dc8a5d439ede0342') in 0.009942 seconds 
Number of asset objects unloaded after import = 3
========================================================================
Received Import Request.
  Time since last request: 0.000073 seconds.
  path: Assets/LEGO/Gizmos/LEGO Behaviour Icons/Speak Action.png
  artifactKey: Guid(f1fff6af1ab1ea840aff6113f44d0ac6) Importer(815301076,1909f56bfc062723c751e8b465ee728b)
Number of updated assets reloaded before import = 0
Start importing Assets/LEGO/Gizmos/LEGO Behaviour Icons/Speak Action.png using Guid(f1fff6af1ab1ea840aff6113f44d0ac6) Importer(815301076,1909f56bfc062723c751e8b465ee728b)  -> (artifact id: 'cc7a9100f09224d5b445edac6c3f70ac') in 0.007362 seconds 
Number of asset objects unloaded after import = 2
========================================================================
Received Import Request.
  Time since last request: 0.000062 seconds.
  path: Assets/LEGO/Gizmos/LEGO Behaviour Icons/Rotate Action.png
  artifactKey: Guid(a92f4d81580364ddfbd60a09de9996bb) Importer(815301076,1909f56bfc062723c751e8b465ee728b)
Number of updated assets reloaded before import = 0
Start importing Assets/LEGO/Gizmos/LEGO Behaviour Icons/Rotate Action.png using Guid(a92f4d81580364ddfbd60a09de9996bb) Importer(815301076,1909f56bfc062723c751e8b465ee728b)  -> (artifact id: '24fc878e65a9345e534b2bddac049950') in 0.008083 seconds 
Number of asset objects unloaded after import = 2
========================================================================
Received Import Request.
  Time since last request: 0.000117 seconds.
  path: Assets/LEGO/Materials/LEGO Behaviour Icons/Shoot Action Front.mat
  artifactKey: Guid(e7c6201e8ef42471bbf8e4cdce3704d5) Importer(815301076,1909f56bfc062723c751e8b465ee728b)
Number of updated assets reloaded before import = 0
Start importing Assets/LEGO/Materials/LEGO Behaviour Icons/Shoot Action Front.mat using Guid(e7c6201e8ef42471bbf8e4cdce3704d5) Importer(815301076,1909f56bfc062723c751e8b465ee728b)  -> (artifact id: 'a157cfd138528b1b93af580d21a4b897') in 0.013996 seconds 
Number of asset objects unloaded after import = 3
========================================================================
Received Import Request.
  Time since last request: 0.000108 seconds.
  path: Assets/LEGO/Gizmos/LEGO Behaviour Icons/Explode Action.png
  artifactKey: Guid(bfa3263c9cc4140e598e85d5da98fbbb) Importer(815301076,1909f56bfc062723c751e8b465ee728b)
Number of updated assets reloaded before import = 0
Start importing Assets/LEGO/Gizmos/LEGO Behaviour Icons/Explode Action.png using Guid(bfa3263c9cc4140e598e85d5da98fbbb) Importer(815301076,1909f56bfc062723c751e8b465ee728b)  -> (artifact id: '5717d48debfb91284f522329817530a9') in 0.008563 seconds 
Number of asset objects unloaded after import = 2
========================================================================
Received Import Request.
  Time since last request: 0.000071 seconds.
  path: Assets/LEGO/Gizmos/LEGO Behaviour Icons/Move Action.png
  artifactKey: Guid(b683a97485eb04141b067240d69d0cf9) Importer(815301076,1909f56bfc062723c751e8b465ee728b)
Number of updated assets reloaded before import = 0
Start importing Assets/LEGO/Gizmos/LEGO Behaviour Icons/Move Action.png using Guid(b683a97485eb04141b067240d69d0cf9) Importer(815301076,1909f56bfc062723c751e8b465ee728b)  -> (artifact id: '4754a08c63d0f762b282b22da450080f') in 0.008269 seconds 
Number of asset objects unloaded after import = 2
========================================================================
Received Import Request.
  Time since last request: 0.000215 seconds.
  path: Assets/LEGO/Gizmos/LEGO Behaviour Icons/Lose Action.png
  artifactKey: Guid(1d27aed7a373c43758683bed23394699) Importer(815301076,1909f56bfc062723c751e8b465ee728b)
Number of updated assets reloaded before import = 0
Start importing Assets/LEGO/Gizmos/LEGO Behaviour Icons/Lose Action.png using Guid(1d27aed7a373c43758683bed23394699) Importer(815301076,1909f56bfc062723c751e8b465ee728b)  -> (artifact id: '8d823445bffa5970f820b09d982f32d3') in 0.008288 seconds 
Number of asset objects unloaded after import = 2
========================================================================
Received Import Request.
  Time since last request: 0.000070 seconds.
  path: Assets/LEGO/Materials/LEGO Behaviour Icons/Counter Trigger Side.mat
  artifactKey: Guid(32d1c180c23534cf3b63a49182f142d6) Importer(815301076,1909f56bfc062723c751e8b465ee728b)
Number of updated assets reloaded before import = 0
Start importing Assets/LEGO/Materials/LEGO Behaviour Icons/Counter Trigger Side.mat using Guid(32d1c180c23534cf3b63a49182f142d6) Importer(815301076,1909f56bfc062723c751e8b465ee728b)  -> (artifact id: '36dc907b9fc8d60c8182506b39f8e764') in 0.010063 seconds 
Number of asset objects unloaded after import = 3
========================================================================
Received Import Request.
  Time since last request: 0.000072 seconds.
  path: Assets/LEGO/Materials/LEGO Behaviour Icons/Counter Action Side.mat
  artifactKey: Guid(d3989eeb7cd704bc8859106cebb9bc5e) Importer(815301076,1909f56bfc062723c751e8b465ee728b)
Number of updated assets reloaded before import = 0
Start importing Assets/LEGO/Materials/LEGO Behaviour Icons/Counter Action Side.mat using Guid(d3989eeb7cd704bc8859106cebb9bc5e) Importer(815301076,1909f56bfc062723c751e8b465ee728b)  -> (artifact id: 'a630a8ec8e35f9c64b938e39ba056cc6') in 0.013216 seconds 
Number of asset objects unloaded after import = 3
========================================================================
Received Import Request.
  Time since last request: 0.000083 seconds.
  path: Assets/LEGO/Gizmos/LEGO Behaviour Icons/Look At Action.png
  artifactKey: Guid(02c6d1e70d8254effa463aa61e196558) Importer(815301076,1909f56bfc062723c751e8b465ee728b)
Number of updated assets reloaded before import = 0
Start importing Assets/LEGO/Gizmos/LEGO Behaviour Icons/Look At Action.png using Guid(02c6d1e70d8254effa463aa61e196558) Importer(815301076,1909f56bfc062723c751e8b465ee728b)  -> (artifact id: '9b0e496e24dd1ab87ead600a5ea9adb5') in 0.008235 seconds 
Number of asset objects unloaded after import = 2
========================================================================
Received Import Request.
  Time since last request: 0.000569 seconds.
  path: Assets/LEGO/Gizmos/LEGO Behaviour Icons/Counter Trigger.png
  artifactKey: Guid(4b7ee8362baf045c2ae479b6f23ef520) Importer(815301076,1909f56bfc062723c751e8b465ee728b)
Number of updated assets reloaded before import = 0
Start importing Assets/LEGO/Gizmos/LEGO Behaviour Icons/Counter Trigger.png using Guid(4b7ee8362baf045c2ae479b6f23ef520) Importer(815301076,1909f56bfc062723c751e8b465ee728b)  -> (artifact id: '6b92cfa29da89991e267e74a8e6ae854') in 0.008642 seconds 
Number of asset objects unloaded after import = 2
========================================================================
Received Import Request.
  Time since last request: 0.000125 seconds.
  path: Assets/LEGO/Materials/LEGO Behaviour Icons/Elevator Action Side.mat
  artifactKey: Guid(c05934446c3a54e3fb5b43cffddd2968) Importer(815301076,1909f56bfc062723c751e8b465ee728b)
Number of updated assets reloaded before import = 0
Start importing Assets/LEGO/Materials/LEGO Behaviour Icons/Elevator Action Side.mat using Guid(c05934446c3a54e3fb5b43cffddd2968) Importer(815301076,1909f56bfc062723c751e8b465ee728b)  -> (artifact id: 'e257b7b40af255ea1ac7d9f1c34e6e90') in 0.011859 seconds 
Number of asset objects unloaded after import = 3
========================================================================
Received Import Request.
  Time since last request: 0.001411 seconds.
  path: Assets/LEGO/Materials/LEGO Behaviour Icons/Hazard Action Side.mat
  artifactKey: Guid(6dee11202b7164aa38e1e894beb81e29) Importer(815301076,1909f56bfc062723c751e8b465ee728b)
Number of updated assets reloaded before import = 0
Start importing Assets/LEGO/Materials/LEGO Behaviour Icons/Hazard Action Side.mat using Guid(6dee11202b7164aa38e1e894beb81e29) Importer(815301076,1909f56bfc062723c751e8b465ee728b)  -> (artifact id: '6539a8e5d79e4fce14a5b5750354beed') in 0.020772 seconds 
Number of asset objects unloaded after import = 3
========================================================================
Received Import Request.
  Time since last request: 0.000069 seconds.
  path: Assets/LEGO/Materials/LEGO Behaviour Icons/One Button Action Side.mat
  artifactKey: Guid(e12178e7dd72c1242ace5c297fe3445b) Importer(815301076,1909f56bfc062723c751e8b465ee728b)
Number of updated assets reloaded before import = 0
Start importing Assets/LEGO/Materials/LEGO Behaviour Icons/One Button Action Side.mat using Guid(e12178e7dd72c1242ace5c297fe3445b) Importer(815301076,1909f56bfc062723c751e8b465ee728b)  -> (artifact id: '645924599a47deb72d9d8f2af136800e') in 0.018399 seconds 
Number of asset objects unloaded after import = 3
========================================================================
Received Import Request.
  Time since last request: 0.000063 seconds.
  path: Assets/LEGO/Gizmos/LEGO Behaviour Icons/Pickup Action.png
  artifactKey: Guid(534f3aba982394c7c8937f752990f093) Importer(815301076,1909f56bfc062723c751e8b465ee728b)
Number of updated assets reloaded before import = 0
Start importing Assets/LEGO/Gizmos/LEGO Behaviour Icons/Pickup Action.png using Guid(534f3aba982394c7c8937f752990f093) Importer(815301076,1909f56bfc062723c751e8b465ee728b)  -> (artifact id: '2d42ffbfb4319300e0f5c9b7b5e6e25c') in 0.018002 seconds 
Number of asset objects unloaded after import = 2
========================================================================
Received Import Request.
  Time since last request: 0.000625 seconds.
  path: Assets/LEGO/Materials/LEGO Behaviour Icons/Move Action Side.mat
  artifactKey: Guid(a9cee2a9c609f46559e5bf73adfd6432) Importer(815301076,1909f56bfc062723c751e8b465ee728b)
Number of updated assets reloaded before import = 0
Start importing Assets/LEGO/Materials/LEGO Behaviour Icons/Move Action Side.mat using Guid(a9cee2a9c609f46559e5bf73adfd6432) Importer(815301076,1909f56bfc062723c751e8b465ee728b)  -> (artifact id: '52519281642261c2d6b18f2c553bc337') in 0.023009 seconds 
Number of asset objects unloaded after import = 3
========================================================================
Received Import Request.
  Time since last request: 0.000120 seconds.
  path: Assets/LEGO/Gizmos/LEGO Behaviour Icons/Platform Action.png
  artifactKey: Guid(bc5790c01b6fd4ce2985b09caec06206) Importer(815301076,1909f56bfc062723c751e8b465ee728b)
Number of updated assets reloaded before import = 0
Start importing Assets/LEGO/Gizmos/LEGO Behaviour Icons/Platform Action.png using Guid(bc5790c01b6fd4ce2985b09caec06206) Importer(815301076,1909f56bfc062723c751e8b465ee728b)  -> (artifact id: 'bf35377fe6cf1bf146b407503afeef88') in 0.008478 seconds 
Number of asset objects unloaded after import = 2
========================================================================
Received Import Request.
  Time since last request: 0.000129 seconds.
  path: Assets/LEGO/Gizmos/LEGO Behaviour Icons/Pickup Trigger.png
  artifactKey: Guid(35c263f77f91945948773e03715afaaa) Importer(815301076,1909f56bfc062723c751e8b465ee728b)
Number of updated assets reloaded before import = 0
Start importing Assets/LEGO/Gizmos/LEGO Behaviour Icons/Pickup Trigger.png using Guid(35c263f77f91945948773e03715afaaa) Importer(815301076,1909f56bfc062723c751e8b465ee728b)  -> (artifact id: '3f68b06c89dfe1e0416937dcaa4889af') in 0.008156 seconds 
Number of asset objects unloaded after import = 2
========================================================================
Received Prepare
Registering precompiled user dll's ...
Registered in 0.001948 seconds.
Begin MonoManager ReloadAssembly
Thread 0x334387000 may have been prematurely finalized
Native extension for iOS target not found
Native extension for Android target not found
Native extension for OSXStandalone target not found
Native extension for WebGL target not found
Refreshing native plugins compatible for Editor in 1.23 ms, found 2 plugins.
Preloading 0 native plugins for Editor in 0.00 ms.
[Package Manager] Server::EnsureServerProcessIsRunning -- launch failed, reason: Unity was launched with the -noUpm command-line argument
[Package Manager] Cannot connect to Unity Package Manager local server
Mono: successfully reloaded assembly
- Completed reload, in  1.788 seconds
Domain Reload Profiling:
	ReloadAssembly (1789ms)
		BeginReloadAssembly (210ms)
			ExecutionOrderSort (0ms)
			DisableScriptedObjects (10ms)
			BackupInstance (0ms)
			ReleaseScriptingObjects (0ms)
			CreateAndSetChildDomain (94ms)
		EndReloadAssembly (1476ms)
			LoadAssemblies (84ms)
			RebuildTransferFunctionScriptingTraits (0ms)
			SetupTypeCache (373ms)
			ReleaseScriptCaches (3ms)
			RebuildScriptCaches (75ms)
			SetupLoadedEditorAssemblies (827ms)
				LogAssemblyErrors (0ms)
				InitializePlatformSupportModulesInManaged (36ms)
				SetLoadedEditorAssemblies (0ms)
				RefreshPlugins (1ms)
				BeforeProcessingInitializeOnLoad (108ms)
				ProcessInitializeOnLoadAttributes (605ms)
				ProcessInitializeOnLoadMethodAttributes (75ms)
				AfterProcessingInitializeOnLoad (2ms)
				EditorAssembliesLoaded (0ms)
			ExecutionOrderSort2 (0ms)
			AwakeInstancesAfterBackupRestoration (10ms)
Platform modules already initialized, skipping
Refreshing native plugins compatible for Editor in 1.12 ms, found 2 plugins.
Preloading 0 native plugins for Editor in 0.00 ms.
Unloading 5278 Unused Serialized files (Serialized files now loaded: 0)
Unloading 46 unused Assets / (402.4 KB). Loaded Objects now: 5979.
Memory consumption went from 215.9 MB to 215.5 MB.
Total: 5.395209 ms (FindLiveObjects: 0.298334 ms CreateObjectMapping: 0.109625 ms MarkObjects: 4.800292 ms  DeleteObjects: 0.186083 ms)

AssetImportParameters requested are different than current active one (requested -> active):
  custom:video-decoder-ogg-theora: a1e56fd34408186e4bbccfd4996cb3dc -> 
  custom:container-muxer-webm: aa71ff27fc2769a1b78a27578f13a17b -> 
  custom:container-demuxer-webm: 4f35f7cbe854078d1ac9338744f61a02 -> 
  custom:video-encoder-webm-vp8: eb34c28f22e8b96e1ab97ce403110664 -> 
  custom:framework-osx-AVFoundation: e770b220cccbd017edd2c1fefb359320 -> 
  custom:CustomObjectIndexerAttribute: 6b0e35c9178b02a6363f3721b7b8e397 -> 
  custom:audio-encoder-webm-vorbis: bf7c407c2cedff20999df2af8eb42d56 -> 
  custom:SearchIndexIgnoredProperties: e643bd26f0fe6173181afceb89e7c659 -> 
  custom:container-demuxer-ogg: 62fdf1f143b41e24485cea50d1cbac27 -> 
  custom:video-decoder-webm-vp8: 9c59270c3fd7afecdb556c50c9e8de78 -> 
  custom:audio-decoder-ogg-vorbis: bf7c407c2cedff20999df2af8eb42d56 -> 
========================================================================
Received Prepare
Registering precompiled user dll's ...
Registered in 0.002852 seconds.
Begin MonoManager ReloadAssembly
Thread 0x32868b000 may have been prematurely finalized
Native extension for iOS target not found
Native extension for Android target not found
Native extension for OSXStandalone target not found
Native extension for WebGL target not found
Refreshing native plugins compatible for Editor in 1.34 ms, found 2 plugins.
Preloading 0 native plugins for Editor in 0.00 ms.
[Package Manager] Server::EnsureServerProcessIsRunning -- launch failed, reason: Unity was launched with the -noUpm command-line argument
[Package Manager] Cannot connect to Unity Package Manager local server
Mono: successfully reloaded assembly
- Completed reload, in  1.655 seconds
Domain Reload Profiling:
	ReloadAssembly (1656ms)
		BeginReloadAssembly (239ms)
			ExecutionOrderSort (0ms)
			DisableScriptedObjects (8ms)
			BackupInstance (0ms)
			ReleaseScriptingObjects (0ms)
			CreateAndSetChildDomain (110ms)
		EndReloadAssembly (1312ms)
			LoadAssemblies (87ms)
			RebuildTransferFunctionScriptingTraits (0ms)
			SetupTypeCache (364ms)
			ReleaseScriptCaches (3ms)
			RebuildScriptCaches (66ms)
			SetupLoadedEditorAssemblies (725ms)
				LogAssemblyErrors (0ms)
				InitializePlatformSupportModulesInManaged (32ms)
				SetLoadedEditorAssemblies (0ms)
				RefreshPlugins (1ms)
				BeforeProcessingInitializeOnLoad (94ms)
				ProcessInitializeOnLoadAttributes (538ms)
				ProcessInitializeOnLoadMethodAttributes (57ms)
				AfterProcessingInitializeOnLoad (1ms)
				EditorAssembliesLoaded (0ms)
			ExecutionOrderSort2 (0ms)
			AwakeInstancesAfterBackupRestoration (8ms)
Platform modules already initialized, skipping
Refreshing native plugins compatible for Editor in 0.89 ms, found 2 plugins.
Preloading 0 native plugins for Editor in 0.00 ms.
Unloading 5256 Unused Serialized files (Serialized files now loaded: 0)
Unloading 28 unused Assets / (402.6 KB). Loaded Objects now: 5994.
Memory consumption went from 214.7 MB to 214.3 MB.
Total: 5.479750 ms (FindLiveObjects: 0.374792 ms CreateObjectMapping: 0.112583 ms MarkObjects: 4.827292 ms  DeleteObjects: 0.164250 ms)

AssetImportParameters requested are different than current active one (requested -> active):
  custom:video-decoder-ogg-theora: a1e56fd34408186e4bbccfd4996cb3dc -> 
  custom:container-muxer-webm: aa71ff27fc2769a1b78a27578f13a17b -> 
  custom:container-demuxer-webm: 4f35f7cbe854078d1ac9338744f61a02 -> 
  custom:video-encoder-webm-vp8: eb34c28f22e8b96e1ab97ce403110664 -> 
  custom:framework-osx-AVFoundation: e770b220cccbd017edd2c1fefb359320 -> 
  custom:CustomObjectIndexerAttribute: 6b0e35c9178b02a6363f3721b7b8e397 -> 
  custom:audio-encoder-webm-vorbis: bf7c407c2cedff20999df2af8eb42d56 -> 
  custom:SearchIndexIgnoredProperties: e643bd26f0fe6173181afceb89e7c659 -> 
  custom:container-demuxer-ogg: 62fdf1f143b41e24485cea50d1cbac27 -> 
  custom:video-decoder-webm-vp8: 9c59270c3fd7afecdb556c50c9e8de78 -> 
  custom:audio-decoder-ogg-vorbis: bf7c407c2cedff20999df2af8eb42d56 -> 
